log started: Sat Mar  5 00:16:50 2016

Log file: ./leap.log
>> #
>> # ----- leaprc for loading the ff12SB force field
>> # ----- NOTE: this is designed for PDB format 3!
>> #    Uses frcmod.ff12SB for proteins; ff99bsc0 for DNA; ff99bsc0_chiOL3 for RNA
>> #
>> #	load atom type hybridizations
>> #
>> addAtomTypes {
>> 	{ "H"   "H" "sp3" }
>> 	{ "HO"  "H" "sp3" }
>> 	{ "HS"  "H" "sp3" }
>> 	{ "H1"  "H" "sp3" }
>> 	{ "H2"  "H" "sp3" }
>> 	{ "H3"  "H" "sp3" }
>> 	{ "H4"  "H" "sp3" }
>> 	{ "H5"  "H" "sp3" }
>> 	{ "HW"  "H" "sp3" }
>> 	{ "HC"  "H" "sp3" }
>> 	{ "HA"  "H" "sp3" }
>> 	{ "HP"  "H" "sp3" }
>> 	{ "HZ"  "H" "sp3" }
>> 	{ "OH"  "O" "sp3" }
>> 	{ "OS"  "O" "sp3" }
>> 	{ "O"   "O" "sp2" }
>> 	{ "O2"  "O" "sp2" }
>> 	{ "OP"  "O" "sp2" }
>> 	{ "OW"  "O" "sp3" }
>> 	{ "CT"  "C" "sp3" }
>> 	{ "CX"  "C" "sp3" }
>> 	{ "C8"  "C" "sp3" }
>> 	{ "2C"  "C" "sp3" }
>> 	{ "3C"  "C" "sp3" }
>> 	{ "CH"  "C" "sp3" }
>> 	{ "CS"  "C" "sp2" }
>> 	{ "C"   "C" "sp2" }
>> 	{ "CO"   "C" "sp2" }
>> 	{ "C*"  "C" "sp2" }
>> 	{ "CA"  "C" "sp2" }
>> 	{ "CB"  "C" "sp2" }
>> 	{ "CC"  "C" "sp2" }
>> 	{ "CN"  "C" "sp2" }
>> 	{ "CM"  "C" "sp2" }
>> 	{ "CK"  "C" "sp2" }
>> 	{ "CQ"  "C" "sp2" }
>> 	{ "CD"  "C" "sp2" }
>> 	{ "C5"  "C" "sp2" }
>> 	{ "C4"  "C" "sp2" }
>> 	{ "CP"  "C" "sp2" }
>> 	{ "CI"  "C" "sp3" }
>> 	{ "CJ"  "C" "sp2" }
>> 	{ "CW"  "C" "sp2" }
>> 	{ "CV"  "C" "sp2" }
>> 	{ "CR"  "C" "sp2" }
>> 	{ "CA"  "C" "sp2" }
>> 	{ "CY"  "C" "sp2" }
>> 	{ "C0"  "Ca" "sp3" }
>> 	{ "MG"  "Mg" "sp3" }
>> 	{ "N"   "N" "sp2" }
>> 	{ "NA"  "N" "sp2" }
>> 	{ "N2"  "N" "sp2" }
>> 	{ "N*"  "N" "sp2" }
>> 	{ "NP"  "N" "sp2" }
>> 	{ "NQ"  "N" "sp2" }
>> 	{ "NB"  "N" "sp2" }
>> 	{ "NC"  "N" "sp2" }
>> 	{ "NT"  "N" "sp3" }
>> 	{ "NY"  "N" "sp2" }
>> 	{ "N3"  "N" "sp3" }
>> 	{ "S"   "S" "sp3" }
>> 	{ "SH"  "S" "sp3" }
>> 	{ "P"   "P" "sp3" }
>> 	{ "LP"  ""  "sp3" }
>> 	{ "EP"  ""  "sp3" }
>> 	{ "F"   "F" "sp3" }
>> 	{ "Cl"  "Cl" "sp3" }
>> 	{ "Br"  "Br" "sp3" }
>> 	{ "I"   "I"  "sp3" }
>> 	{ "F-"   "F" "sp3" }
>> 	{ "Cl-"  "Cl" "sp3" }
>> 	{ "Br-"  "Br" "sp3" }
>> 	{ "I-"   "I"  "sp3" }
>> 	{ "Li+"  "Li"  "sp3" }
>> 	{ "Na+"  "Na"  "sp3" }
>> 	{ "K+"  "K"  "sp3" }
>> 	{ "Rb+"  "Rb"  "sp3" }
>> 	{ "Cs+"  "Cs"  "sp3" }
>> 	{ "Mg+"  "Mg"  "sp3" }
>> # glycam
>> 	{ "OG"  "O" "sp3" }
>> 	{ "OL"  "O" "sp3" }
>> 	{ "AC"  "C" "sp3" }
>> 	{ "EC"  "C" "sp3" }
>> }
>> #
>> #	Load the main parameter set.
>> #
>> parm10 = loadamberparams parm10.dat
Loading parameters: /home/mavoegel/amber14/dat/leap/parm/parm10.dat
Reading title:
PARM99 + frcmod.ff99SB + frcmod.parmbsc0 + OL3 for RNA
(UNKNOWN ATOM TYPE: Zn)
(UNKNOWN ATOM TYPE: EP)
>> frcmod12SB = loadamberparams frcmod.ff12SB
Loading parameters: /home/mavoegel/amber14/dat/leap/parm/frcmod.ff12SB
Reading force field modification type file (frcmod)
Reading title:
ff12SB protein backbone and sidechain parameters
>> #
>> #	Load main chain and terminating amino acid libraries, nucleic acids
>> #
>> loadOff amino12.lib
Loading library: /home/mavoegel/amber14/dat/leap/lib/amino12.lib
Loading: ALA
Loading: ARG
Loading: ASH
Loading: ASN
Loading: ASP
Loading: CYM
Loading: CYS
Loading: CYX
Loading: GLH
Loading: GLN
Loading: GLU
Loading: GLY
Loading: HID
Loading: HIE
Loading: HIP
Loading: HYP
Loading: ILE
Loading: LEU
Loading: LYN
Loading: LYS
Loading: MET
Loading: PHE
Loading: PRO
Loading: SER
Loading: THR
Loading: TRP
Loading: TYR
Loading: VAL
>> loadOff aminoct12.lib
Loading library: /home/mavoegel/amber14/dat/leap/lib/aminoct12.lib
Loading: CALA
Loading: CARG
Loading: CASN
Loading: CASP
Loading: CCYS
Loading: CCYX
Loading: CGLN
Loading: CGLU
Loading: CGLY
Loading: CHID
Loading: CHIE
Loading: CHIP
Loading: CHYP
Loading: CILE
Loading: CLEU
Loading: CLYS
Loading: CMET
Loading: CPHE
Loading: CPRO
Loading: CSER
Loading: CTHR
Loading: CTRP
Loading: CTYR
Loading: CVAL
Loading: NHE
Loading: NME
>> loadOff aminont12.lib
Loading library: /home/mavoegel/amber14/dat/leap/lib/aminont12.lib
Loading: ACE
Loading: NALA
Loading: NARG
Loading: NASN
Loading: NASP
Loading: NCYS
Loading: NCYX
Loading: NGLN
Loading: NGLU
Loading: NGLY
Loading: NHID
Loading: NHIE
Loading: NHIP
Loading: NILE
Loading: NLEU
Loading: NLYS
Loading: NMET
Loading: NPHE
Loading: NPRO
Loading: NSER
Loading: NTHR
Loading: NTRP
Loading: NTYR
Loading: NVAL
>> loadOff nucleic12.lib
Loading library: /home/mavoegel/amber14/dat/leap/lib/nucleic12.lib
Loading: A
Loading: A3
Loading: A5
Loading: AN
Loading: C
Loading: C3
Loading: C5
Loading: CN
Loading: DA
Loading: DA3
Loading: DA5
Loading: DAN
Loading: DC
Loading: DC3
Loading: DC5
Loading: DCN
Loading: DG
Loading: DG3
Loading: DG5
Loading: DGN
Loading: DT
Loading: DT3
Loading: DT5
Loading: DTN
Loading: G
Loading: G3
Loading: G5
Loading: GN
Loading: OHE
Loading: U
Loading: U3
Loading: U5
Loading: UN
>> #
>> #       Load water and ions
>> # 
>> loadOff atomic_ions.lib
Loading library: /home/mavoegel/amber14/dat/leap/lib/atomic_ions.lib
Loading: Ag
Loading: BA
Loading: BR
Loading: Be
Loading: CA
Loading: CD
Loading: CL
Loading: CO
Loading: CS
Loading: CU
Loading: Cl-
Loading: Cr
Loading: EU
Loading: F
Loading: FE2
Loading: HG
Loading: IOD
Loading: K
Loading: K+
Loading: LI
Loading: MG
Loading: MN
Loading: NA
Loading: NI
Loading: Na+
Loading: PB
Loading: PD
Loading: PT
Loading: RB
Loading: Ra
Loading: SR
Loading: Sm
Loading: Sn
Loading: V2+
Loading: YB2
Loading: ZN
>> loadOff solvents.lib
Loading library: /home/mavoegel/amber14/dat/leap/lib/solvents.lib
Loading: CHCL3BOX
Loading: DC4
Loading: MEOHBOX
Loading: NMABOX
Loading: OPC
Loading: OPCBOX
Loading: PL3
Loading: POL3BOX
Loading: QSPCFWBOX
Loading: SPC
Loading: SPCBOX
Loading: SPCFWBOX
Loading: SPF
Loading: SPG
Loading: T4E
Loading: TIP3PBOX
Loading: TIP3PFBOX
Loading: TIP4PBOX
Loading: TIP4PEWBOX
Loading: TIP5PBOX
Loading: TP3
Loading: TP4
Loading: TP5
Loading: TPF
>> HOH = TP3
>> WAT = TP3
>> 
>> #
>> #	Define the PDB name map for the amino acids and nucleic acids
>> #     (note: no NHYP!  use neutral form for now)
>> #
>> addPdbResMap {
>>   { 0 "HYP" "HYP"  } { 1 "HYP" "CHYP" }
>>   { 0 "ALA" "NALA" } { 1 "ALA" "CALA" }
>>   { 0 "ARG" "NARG" } { 1 "ARG" "CARG" }
>>   { 0 "ASN" "NASN" } { 1 "ASN" "CASN" }
>>   { 0 "ASP" "NASP" } { 1 "ASP" "CASP" }
>>   { 0 "CYS" "NCYS" } { 1 "CYS" "CCYS" }
>>   { 0 "CYX" "NCYX" } { 1 "CYX" "CCYX" }
>>   { 0 "GLN" "NGLN" } { 1 "GLN" "CGLN" }
>>   { 0 "GLU" "NGLU" } { 1 "GLU" "CGLU" }
>>   { 0 "GLY" "NGLY" } { 1 "GLY" "CGLY" }
>>   { 0 "HID" "NHID" } { 1 "HID" "CHID" }
>>   { 0 "HIE" "NHIE" } { 1 "HIE" "CHIE" }
>>   { 0 "HIP" "NHIP" } { 1 "HIP" "CHIP" }
>>   { 0 "ILE" "NILE" } { 1 "ILE" "CILE" }
>>   { 0 "LEU" "NLEU" } { 1 "LEU" "CLEU" }
>>   { 0 "LYS" "NLYS" } { 1 "LYS" "CLYS" }
>>   { 0 "MET" "NMET" } { 1 "MET" "CMET" }
>>   { 0 "PHE" "NPHE" } { 1 "PHE" "CPHE" }
>>   { 0 "PRO" "NPRO" } { 1 "PRO" "CPRO" }
>>   { 0 "SER" "NSER" } { 1 "SER" "CSER" }
>>   { 0 "THR" "NTHR" } { 1 "THR" "CTHR" }
>>   { 0 "TRP" "NTRP" } { 1 "TRP" "CTRP" }
>>   { 0 "TYR" "NTYR" } { 1 "TYR" "CTYR" }
>>   { 0 "VAL" "NVAL" } { 1 "VAL" "CVAL" }
>>   { 0 "HIS" "NHIS" } { 1 "HIS" "CHIS" }
>>   { 0 "G" "G5"  } { 1 "G" "G3"  } 
>>   { 0 "A" "A5"  } { 1 "A" "A3"  } 
>>   { 0 "C" "C5"  } { 1 "C" "C3"  } 
>>   { 0 "U" "U5"  } { 1 "U" "U3"  } 
>>   { 0 "DG" "DG5"  } { 1 "DG" "DG3"  }  
>>   { 0 "DA" "DA5"  } { 1 "DA" "DA3"  }  
>>   { 0 "DC" "DC5"  } { 1 "DC" "DC3"  }  
>>   { 0 "DT" "DT5"  } { 1 "DT" "DT3"  }  
>> #  some old Amber residue names for RNA:
>>   { 0  "RA5" "A5" } { 1 "RA3" "A3"} {"RA" "A" }
>>   { 0  "RC5" "C5" } { 1 "RC3" "C3"} {"RC" "C" }
>>   { 0  "RG5" "G5" } { 1 "RG3" "G3"} {"RG" "G" }
>>   { 0  "RU5" "U5" } { 1 "RU3" "U3"} {"RU" "U" }
>> #  some really old Amber residue names, assuming DNA:
>>   { 0 "GUA" "DG5"  } { 1 "GUA" "DG3"  } { "GUA" "DG" }
>>   { 0 "ADE" "DA5"  } { 1 "ADE" "DA3"  } { "ADE" "DA" }
>>   { 0 "CYT" "DC5"  } { 1 "CYT" "DC3"  } { "CYT" "DC" }
>>   { 0 "THY" "DT5"  } { 1 "THY" "DT3"  } { "THY" "DT" }
>> #  uncomment out the following if you have this old style RNA files:
>> # { 0 "GUA" "G5"  } { 1 "GUA" "G3"  } { "GUA" "G" }
>> # { 0 "ADE" "A5"  } { 1 "ADE" "A3"  } { "ADE" "A" }
>> # { 0 "CYT" "C5"  } { 1 "CYT" "C3"  } { "CYT" "C" }
>> # { 0 "THY" "T5"  } { 1 "THY" "T3"  } { "THY" "T" }
>> 
>> }
>> 
>> #  try to be good about reading in really old atom names as well:
>> addPdbAtomMap {
>>   { "O5*" "O5'" }
>>   { "C5*" "C5'" }
>>   { "C4*" "C4'" }
>>   { "O4*" "O4'" }
>>   { "C3*" "C3'" }
>>   { "O3*" "O3'" }
>>   { "C2*" "C2'" }
>>   { "O2*" "O2'" }
>>   { "C1*" "C1'" }
>>   { "C5M" "C7"  }
>>   { "H1*" "H1'" }
>>   { "H2*1" "H2'" }
>>   { "H2*2" "H2''" }
>>   { "HO*2" "HO2'" }
>>   { "H2'1" "H2'" }
>>   { "H2'2" "H2''" }
>>   { "H3*" "H3'" }
>>   { "H4*" "H4'" }
>>   { "H5*1" "H5'" }
>>   { "H5*2" "H5''" }
>>   { "H5'1" "H5'" }
>>   { "H5'2" "H5''" }
>>   { "HO'2" "HO2'" }
>>   { "H5T"  "HO5'" }
>>   { "H3T"  "HO3'" }
>>   { "O1'" "O4'" }
>>   { "OA"  "OP1" }
>>   { "OB"  "OP2" }
>>   { "O1P" "OP1" }
>>   { "O2P" "OP2" }
>> }
>> 
>> #
>> # assume that most often proteins use HIE
>> #
>> NHIS = NHIE
>> HIS = HIE
>> CHIS = CHIE
> 
> source leaprc.gaff
----- Source: /home/mavoegel/amber14/dat/leap/cmd/leaprc.gaff
----- Source of /home/mavoegel/amber14/dat/leap/cmd/leaprc.gaff done
>> logFile leap.log
log started: Sat Mar  5 00:16:50 2016

Log file: ./leap.log
>> #
>> # ----- leaprc for loading the general Amber Force field.
>> #       This file is mostly for use with Antechamber
>> #
>> #	load atom type hybridizations
>> #
>> addAtomTypes {
>> 	{ "h1"  "H" "sp3" }
>> 	{ "h2"  "H" "sp3" }
>> 	{ "h3"  "H" "sp3" }
>> 	{ "h4"  "H" "sp3" }
>> 	{ "h5"  "H" "sp3" }
>> 	{ "ha"  "H" "sp3" }
>> 	{ "hc"  "H" "sp3" }
>> 	{ "hn"  "H" "sp3" }
>> 	{ "ho"  "H" "sp3" }
>> 	{ "hp"  "H" "sp3" }
>> 	{ "hs"  "H" "sp3" }
>> 	{ "hw"  "H" "sp3" }
>> 	{ "hx"  "H" "sp3" }
>> 	{ "o"  "O" "sp2" }
>> 	{ "o2"  "O" "sp2" }
>> 	{ "oh"  "O" "sp3" }
>> 	{ "os"  "O" "sp3" }
>> 	{ "ow"  "O" "sp3" }
>> 	{ "c"  "C" "sp2" }
>> 	{ "c1"  "C" "sp2" }
>> 	{ "c2"  "C" "sp2" }
>> 	{ "c3"  "C" "sp3" }
>> 	{ "ca"  "C" "sp2" }
>> 	{ "cc"  "C" "sp2" }
>> 	{ "cd"  "C" "sp2" }
>> 	{ "ce"  "C" "sp2" }
>> 	{ "cf"  "C" "sp2" }
>> 	{ "cg"  "C" "sp2" }
>> 	{ "ch"  "C" "sp2" }
>> 	{ "cp"  "C" "sp2" }
>> 	{ "cq"  "C" "sp2" }
>> 	{ "cu"  "C" "sp2" }
>> 	{ "cv"  "C" "sp2" }
>> 	{ "cx"  "C" "sp2" }
>> 	{ "cy"  "C" "sp2" }
>> 	{ "cz"  "C" "sp2" }
>> 	{ "n"   "N" "sp2" }
>> 	{ "n1"  "N" "sp2" }
>> 	{ "n2"  "N" "sp2" }
>> 	{ "n3"  "N" "sp3" }
>> 	{ "n4"  "N" "sp3" }
>> 	{ "na"  "N" "sp2" }
>> 	{ "nb"  "N" "sp2" }
>> 	{ "nc"  "N" "sp2" }
>> 	{ "nd"  "N" "sp2" }
>> 	{ "ne"  "N" "sp2" }
>> 	{ "nf"  "N" "sp2" }
>> 	{ "nh"  "N" "sp2" }
>> 	{ "no"  "N" "sp2" }
>> 	{ "s"   "S" "sp2" }
>> 	{ "s2"   "S" "sp2" }
>> 	{ "s3"   "S" "sp3" }
>> 	{ "s4"   "S" "sp3" }
>> 	{ "s6"   "S" "sp3" }
>> 	{ "sh"   "S" "sp3" }
>> 	{ "ss"   "S" "sp3" }
>> 	{ "sx"   "S" "sp3" }
>> 	{ "sy"   "S" "sp3" }
>> 	{ "p2"   "P" "sp2" }
>> 	{ "p3"   "P" "sp3" }
>> 	{ "p4"   "P" "sp3" }
>> 	{ "p5"   "P" "sp3" }
>> 	{ "pb"   "P" "sp3" }
>> 	{ "pc"   "P" "sp3" }
>> 	{ "pd"   "P" "sp3" }
>> 	{ "pe"   "P" "sp3" }
>> 	{ "pf"   "P" "sp3" }
>> 	{ "px"   "P" "sp3" }
>> 	{ "py"   "P" "sp3" }
>> 	{ "f"   "F" "sp3" }
>> 	{ "cl"  "Cl" "sp3" }
>> 	{ "br"  "Br" "sp3" }
>> 	{ "i"   "I"  "sp3" }
>> }
>> #
>> #	Load the general force field parameter set.
>> #
>> gaff = loadamberparams gaff.dat
Loading parameters: /home/mavoegel/amber14/dat/leap/parm/gaff.dat
Reading title:
AMBER General Force Field for organic molecules (Version 1.7, Nov 2013)
> 
> mods = loadamberparams CNT_arm_oh-08-40_AC.frcmod
Loading parameters: ./CNT_arm_oh-08-40_AC.frcmod
Reading title:
> CNT = loadmol2 CNT_arm_oh-08-40_user_gaff.mol2
Loading Mol2 file: ./CNT_arm_oh-08-40_user_gaff.mol2
Reading MOLECULE named CNT
> check CNT
Checking 'CNT'....
Checking parameters for unit 'CNT'.
Checking for bond parameters.
Checking for angle parameters.
Unit is OK.
> saveamberparm CNT CNT_arm_oh-08-40_AC.prmtop CNT_arm_oh-08-40_AC.inpcrd
Checking Unit.
Building topology.
Building atom parameters.
Building bond parameters.
Building angle parameters.
Building proper torsion parameters.
Building improper torsion parameters.
 ** Warning: No sp2 improper torsion term for  ca-ca-ca-oh
        atoms are: C15 C16 C O
 ** Warning: No sp2 improper torsion term for  ca-ca-ca-oh
        atoms are: C1 C18 C2 O1
 ** Warning: No sp2 improper torsion term for  ca-ca-ca-oh
        atoms are: C3 C20 C4 O2
 ** Warning: No sp2 improper torsion term for  ca-ca-ca-oh
        atoms are: C5 C22 C6 O3
 ** Warning: No sp2 improper torsion term for  ca-ca-ca-oh
        atoms are: C7 C24 C8 O4
 ** Warning: No sp2 improper torsion term for  ca-ca-ca-oh
        atoms are: C9 C26 C10 O5
 ** Warning: No sp2 improper torsion term for  ca-ca-ca-oh
        atoms are: C11 C28 C12 O6
 ** Warning: No sp2 improper torsion term for  ca-ca-ca-oh
        atoms are: C13 C30 C14 O7
 ** Warning: No sp2 improper torsion term for  ca-ca-ca-ca
        atoms are: C C17 C16 C32
 ** Warning: No sp2 improper torsion term for  ca-ca-ca-ca
        atoms are: C1 C16 C17 C33
 ** Warning: No sp2 improper torsion term for  ca-ca-ca-ca
        atoms are: C2 C19 C18 C34
 ** Warning: No sp2 improper torsion term for  ca-ca-ca-ca
        atoms are: C3 C18 C19 C35
 ** Warning: No sp2 improper torsion term for  ca-ca-ca-ca
        atoms are: C4 C21 C20 C36
 ** Warning: No sp2 improper torsion term for  ca-ca-ca-ca
        atoms are: C5 C20 C21 C37
 ** Warning: No sp2 improper torsion term for  ca-ca-ca-ca
        atoms are: C6 C23 C22 C38
 ** Warning: No sp2 improper torsion term for  ca-ca-ca-ca
        atoms are: C7 C22 C23 C39
 ** Warning: No sp2 improper torsion term for  ca-ca-ca-ca
        atoms are: C8 C25 C24 C40
 ** Warning: No sp2 improper torsion term for  ca-ca-ca-ca
        atoms are: C9 C24 C25 C41
 ** Warning: No sp2 improper torsion term for  ca-ca-ca-ca
        atoms are: C10 C27 C26 C42
 ** Warning: No sp2 improper torsion term for  ca-ca-ca-ca
        atoms are: C11 C26 C27 C43
 ** Warning: No sp2 improper torsion term for  ca-ca-ca-ca
        atoms are: C12 C29 C28 C44
 ** Warning: No sp2 improper torsion term for  ca-ca-ca-ca
        atoms are: C13 C28 C29 C45
 ** Warning: No sp2 improper torsion term for  ca-ca-ca-ca
        atoms are: C14 C31 C30 C46
 ** Warning: No sp2 improper torsion term for  ca-ca-ca-ca
        atoms are: C15 C30 C31 C47
 ** Warning: No sp2 improper torsion term for  ca-ca-ca-ca
        atoms are: C16 C47 C32 C48
 ** Warning: No sp2 improper torsion term for  ca-ca-ca-ca
        atoms are: C17 C34 C33 C49
 ** Warning: No sp2 improper torsion term for  ca-ca-ca-ca
        atoms are: C18 C33 C34 C50
 ** Warning: No sp2 improper torsion term for  ca-ca-ca-ca
        atoms are: C19 C36 C35 C51
 ** Warning: No sp2 improper torsion term for  ca-ca-ca-ca
        atoms are: C20 C35 C36 C52
 ** Warning: No sp2 improper torsion term for  ca-ca-ca-ca
        atoms are: C21 C38 C37 C53
 ** Warning: No sp2 improper torsion term for  ca-ca-ca-ca
        atoms are: C22 C37 C38 C54
 ** Warning: No sp2 improper torsion term for  ca-ca-ca-ca
        atoms are: C23 C40 C39 C55
 ** Warning: No sp2 improper torsion term for  ca-ca-ca-ca
        atoms are: C24 C39 C40 C56
 ** Warning: No sp2 improper torsion term for  ca-ca-ca-ca
        atoms are: C25 C42 C41 C57
 ** Warning: No sp2 improper torsion term for  ca-ca-ca-ca
        atoms are: C26 C41 C42 C58
 ** Warning: No sp2 improper torsion term for  ca-ca-ca-ca
        atoms are: C27 C44 C43 C59
 ** Warning: No sp2 improper torsion term for  ca-ca-ca-ca
        atoms are: C28 C43 C44 C60
 ** Warning: No sp2 improper torsion term for  ca-ca-ca-ca
        atoms are: C29 C46 C45 C61
 ** Warning: No sp2 improper torsion term for  ca-ca-ca-ca
        atoms are: C30 C45 C46 C62
 ** Warning: No sp2 improper torsion term for  ca-ca-ca-ca
        atoms are: C31 C32 C47 C63
 ** Warning: No sp2 improper torsion term for  ca-ca-ca-ca
        atoms are: C32 C49 C48 C64
 ** Warning: No sp2 improper torsion term for  ca-ca-ca-ca
        atoms are: C33 C48 C49 C65
 ** Warning: No sp2 improper torsion term for  ca-ca-ca-ca
        atoms are: C34 C51 C50 C66
 ** Warning: No sp2 improper torsion term for  ca-ca-ca-ca
        atoms are: C35 C50 C51 C67
 ** Warning: No sp2 improper torsion term for  ca-ca-ca-ca
        atoms are: C36 C53 C52 C68
 ** Warning: No sp2 improper torsion term for  ca-ca-ca-ca
        atoms are: C37 C52 C53 C69
 ** Warning: No sp2 improper torsion term for  ca-ca-ca-ca
        atoms are: C38 C55 C54 C70
 ** Warning: No sp2 improper torsion term for  ca-ca-ca-ca
        atoms are: C39 C54 C55 C71
 ** Warning: No sp2 improper torsion term for  ca-ca-ca-ca
        atoms are: C40 C57 C56 C72
 ** Warning: No sp2 improper torsion term for  ca-ca-ca-ca
        atoms are: C41 C56 C57 C73
 ** Warning: No sp2 improper torsion term for  ca-ca-ca-ca
        atoms are: C42 C59 C58 C74
 ** Warning: No sp2 improper torsion term for  ca-ca-ca-ca
        atoms are: C43 C58 C59 C75
 ** Warning: No sp2 improper torsion term for  ca-ca-ca-ca
        atoms are: C44 C61 C60 C76
 ** Warning: No sp2 improper torsion term for  ca-ca-ca-ca
        atoms are: C45 C60 C61 C77
 ** Warning: No sp2 improper torsion term for  ca-ca-ca-ca
        atoms are: C46 C63 C62 C78
 ** Warning: No sp2 improper torsion term for  ca-ca-ca-ca
        atoms are: C47 C62 C63 C79
 ** Warning: No sp2 improper torsion term for  ca-ca-ca-ca
        atoms are: C48 C79 C64 C80
 ** Warning: No sp2 improper torsion term for  ca-ca-ca-ca
        atoms are: C49 C66 C65 C81
 ** Warning: No sp2 improper torsion term for  ca-ca-ca-ca
        atoms are: C50 C65 C66 C82
 ** Warning: No sp2 improper torsion term for  ca-ca-ca-ca
        atoms are: C51 C68 C67 C83
 ** Warning: No sp2 improper torsion term for  ca-ca-ca-ca
        atoms are: C52 C67 C68 C84
 ** Warning: No sp2 improper torsion term for  ca-ca-ca-ca
        atoms are: C53 C70 C69 C85
 ** Warning: No sp2 improper torsion term for  ca-ca-ca-ca
        atoms are: C54 C69 C70 C86
 ** Warning: No sp2 improper torsion term for  ca-ca-ca-ca
        atoms are: C55 C72 C71 C87
 ** Warning: No sp2 improper torsion term for  ca-ca-ca-ca
        atoms are: C56 C71 C72 C88
 ** Warning: No sp2 improper torsion term for  ca-ca-ca-ca
        atoms are: C57 C74 C73 C89
 ** Warning: No sp2 improper torsion term for  ca-ca-ca-ca
        atoms are: C58 C73 C74 C90
 ** Warning: No sp2 improper torsion term for  ca-ca-ca-ca
        atoms are: C59 C76 C75 C91
 ** Warning: No sp2 improper torsion term for  ca-ca-ca-ca
        atoms are: C60 C75 C76 C92
 ** Warning: No sp2 improper torsion term for  ca-ca-ca-ca
        atoms are: C61 C78 C77 C93
 ** Warning: No sp2 improper torsion term for  ca-ca-ca-ca
        atoms are: C62 C77 C78 C94
 ** Warning: No sp2 improper torsion term for  ca-ca-ca-ca
        atoms are: C63 C64 C79 C95
 ** Warning: No sp2 improper torsion term for  ca-ca-ca-ca
        atoms are: C64 C81 C80 C96
 ** Warning: No sp2 improper torsion term for  ca-ca-ca-ca
        atoms are: C65 C80 C81 C97
 ** Warning: No sp2 improper torsion term for  ca-ca-ca-ca
        atoms are: C66 C83 C82 C98
 ** Warning: No sp2 improper torsion term for  ca-ca-ca-ca
        atoms are: C67 C82 C83 C99
 ** Warning: No sp2 improper torsion term for  ca-ca-ca-ca
        atoms are: C68 C85 C84 C100
 ** Warning: No sp2 improper torsion term for  ca-ca-ca-ca
        atoms are: C69 C84 C85 C101
 ** Warning: No sp2 improper torsion term for  ca-ca-ca-ca
        atoms are: C70 C87 C86 C102
 ** Warning: No sp2 improper torsion term for  ca-ca-ca-ca
        atoms are: C71 C86 C87 C103
 ** Warning: No sp2 improper torsion term for  ca-ca-ca-ca
        atoms are: C72 C89 C88 C104
 ** Warning: No sp2 improper torsion term for  ca-ca-ca-ca
        atoms are: C73 C88 C89 C105
 ** Warning: No sp2 improper torsion term for  ca-ca-ca-ca
        atoms are: C74 C91 C90 C106
 ** Warning: No sp2 improper torsion term for  ca-ca-ca-ca
        atoms are: C75 C90 C91 C107
 ** Warning: No sp2 improper torsion term for  ca-ca-ca-ca
        atoms are: C76 C93 C92 C108
 ** Warning: No sp2 improper torsion term for  ca-ca-ca-ca
        atoms are: C77 C92 C93 C109
 ** Warning: No sp2 improper torsion term for  ca-ca-ca-ca
        atoms are: C78 C95 C94 C110
 ** Warning: No sp2 improper torsion term for  ca-ca-ca-ca
        atoms are: C79 C94 C95 C111
 ** Warning: No sp2 improper torsion term for  ca-ca-ca-ca
        atoms are: C80 C111 C96 C112
 ** Warning: No sp2 improper torsion term for  ca-ca-ca-ca
        atoms are: C81 C98 C97 C113
 ** Warning: No sp2 improper torsion term for  ca-ca-ca-ca
        atoms are: C82 C97 C98 C114
 ** Warning: No sp2 improper torsion term for  ca-ca-ca-ca
        atoms are: C83 C100 C99 C115
 ** Warning: No sp2 improper torsion term for  ca-ca-ca-ca
        atoms are: C84 C99 C100 C116
 ** Warning: No sp2 improper torsion term for  ca-ca-ca-ca
        atoms are: C85 C102 C101 C117
 ** Warning: No sp2 improper torsion term for  ca-ca-ca-ca
        atoms are: C86 C101 C102 C118
 ** Warning: No sp2 improper torsion term for  ca-ca-ca-ca
        atoms are: C87 C104 C103 C119
 ** Warning: No sp2 improper torsion term for  ca-ca-ca-ca
        atoms are: C88 C103 C104 C120
 ** Warning: No sp2 improper torsion term for  ca-ca-ca-ca
        atoms are: C89 C106 C105 C121
 ** Warning: No sp2 improper torsion term for  ca-ca-ca-ca
        atoms are: C90 C105 C106 C122
 ** Warning: No sp2 improper torsion term for  ca-ca-ca-ca
        atoms are: C91 C108 C107 C123
 ** Warning: No sp2 improper torsion term for  ca-ca-ca-ca
        atoms are: C92 C107 C108 C124
 ** Warning: No sp2 improper torsion term for  ca-ca-ca-ca
        atoms are: C93 C110 C109 C125
 ** Warning: No sp2 improper torsion term for  ca-ca-ca-ca
        atoms are: C94 C109 C110 C126
 ** Warning: No sp2 improper torsion term for  ca-ca-ca-ca
        atoms are: C95 C96 C111 C127
 ** Warning: No sp2 improper torsion term for  ca-ca-ca-ca
        atoms are: C96 C113 C112 C128
 ** Warning: No sp2 improper torsion term for  ca-ca-ca-ca
        atoms are: C97 C112 C113 C129
 ** Warning: No sp2 improper torsion term for  ca-ca-ca-ca
        atoms are: C98 C115 C114 C130
 ** Warning: No sp2 improper torsion term for  ca-ca-ca-ca
        atoms are: C99 C114 C115 C131
 ** Warning: No sp2 improper torsion term for  ca-ca-ca-ca
        atoms are: C100 C117 C116 C132
 ** Warning: No sp2 improper torsion term for  ca-ca-ca-ca
        atoms are: C101 C116 C117 C133
 ** Warning: No sp2 improper torsion term for  ca-ca-ca-ca
        atoms are: C102 C119 C118 C134
 ** Warning: No sp2 improper torsion term for  ca-ca-ca-ca
        atoms are: C103 C118 C119 C135
 ** Warning: No sp2 improper torsion term for  ca-ca-ca-ca
        atoms are: C104 C121 C120 C136
 ** Warning: No sp2 improper torsion term for  ca-ca-ca-ca
        atoms are: C105 C120 C121 C137
 ** Warning: No sp2 improper torsion term for  ca-ca-ca-ca
        atoms are: C106 C123 C122 C138
 ** Warning: No sp2 improper torsion term for  ca-ca-ca-ca
        atoms are: C107 C122 C123 C139
 ** Warning: No sp2 improper torsion term for  ca-ca-ca-ca
        atoms are: C108 C125 C124 C140
 ** Warning: No sp2 improper torsion term for  ca-ca-ca-ca
        atoms are: C109 C124 C125 C141
 ** Warning: No sp2 improper torsion term for  ca-ca-ca-ca
        atoms are: C110 C127 C126 C142
 ** Warning: No sp2 improper torsion term for  ca-ca-ca-ca
        atoms are: C111 C126 C127 C143
 ** Warning: No sp2 improper torsion term for  ca-ca-ca-ca
        atoms are: C112 C143 C128 C144
 ** Warning: No sp2 improper torsion term for  ca-ca-ca-ca
        atoms are: C113 C130 C129 C145
 ** Warning: No sp2 improper torsion term for  ca-ca-ca-ca
        atoms are: C114 C129 C130 C146
 ** Warning: No sp2 improper torsion term for  ca-ca-ca-ca
        atoms are: C115 C132 C131 C147
 ** Warning: No sp2 improper torsion term for  ca-ca-ca-ca
        atoms are: C116 C131 C132 C148
 ** Warning: No sp2 improper torsion term for  ca-ca-ca-ca
        atoms are: C117 C134 C133 C149
 ** Warning: No sp2 improper torsion term for  ca-ca-ca-ca
        atoms are: C118 C133 C134 C150
 ** Warning: No sp2 improper torsion term for  ca-ca-ca-ca
        atoms are: C119 C136 C135 C151
 ** Warning: No sp2 improper torsion term for  ca-ca-ca-ca
        atoms are: C120 C135 C136 C152
 ** Warning: No sp2 improper torsion term for  ca-ca-ca-ca
        atoms are: C121 C138 C137 C153
 ** Warning: No sp2 improper torsion term for  ca-ca-ca-ca
        atoms are: C122 C137 C138 C154
 ** Warning: No sp2 improper torsion term for  ca-ca-ca-ca
        atoms are: C123 C140 C139 C155
 ** Warning: No sp2 improper torsion term for  ca-ca-ca-ca
        atoms are: C124 C139 C140 C156
 ** Warning: No sp2 improper torsion term for  ca-ca-ca-ca
        atoms are: C125 C142 C141 C157
 ** Warning: No sp2 improper torsion term for  ca-ca-ca-ca
        atoms are: C126 C141 C142 C158
 ** Warning: No sp2 improper torsion term for  ca-ca-ca-ca
        atoms are: C127 C128 C143 C159
 ** Warning: No sp2 improper torsion term for  ca-ca-ca-ca
        atoms are: C128 C145 C144 C160
 ** Warning: No sp2 improper torsion term for  ca-ca-ca-ca
        atoms are: C129 C144 C145 C161
 ** Warning: No sp2 improper torsion term for  ca-ca-ca-ca
        atoms are: C130 C147 C146 C162
 ** Warning: No sp2 improper torsion term for  ca-ca-ca-ca
        atoms are: C131 C146 C147 C163
 ** Warning: No sp2 improper torsion term for  ca-ca-ca-ca
        atoms are: C132 C149 C148 C164
 ** Warning: No sp2 improper torsion term for  ca-ca-ca-ca
        atoms are: C133 C148 C149 C165
 ** Warning: No sp2 improper torsion term for  ca-ca-ca-ca
        atoms are: C134 C151 C150 C166
 ** Warning: No sp2 improper torsion term for  ca-ca-ca-ca
        atoms are: C135 C150 C151 C167
 ** Warning: No sp2 improper torsion term for  ca-ca-ca-ca
        atoms are: C136 C153 C152 C168
 ** Warning: No sp2 improper torsion term for  ca-ca-ca-ca
        atoms are: C137 C152 C153 C169
 ** Warning: No sp2 improper torsion term for  ca-ca-ca-ca
        atoms are: C138 C155 C154 C170
 ** Warning: No sp2 improper torsion term for  ca-ca-ca-ca
        atoms are: C139 C154 C155 C171
 ** Warning: No sp2 improper torsion term for  ca-ca-ca-ca
        atoms are: C140 C157 C156 C172
 ** Warning: No sp2 improper torsion term for  ca-ca-ca-ca
        atoms are: C141 C156 C157 C173
 ** Warning: No sp2 improper torsion term for  ca-ca-ca-ca
        atoms are: C142 C159 C158 C174
 ** Warning: No sp2 improper torsion term for  ca-ca-ca-ca
        atoms are: C143 C158 C159 C175
 ** Warning: No sp2 improper torsion term for  ca-ca-ca-ca
        atoms are: C144 C175 C160 C176
 ** Warning: No sp2 improper torsion term for  ca-ca-ca-ca
        atoms are: C145 C162 C161 C177
 ** Warning: No sp2 improper torsion term for  ca-ca-ca-ca
        atoms are: C146 C161 C162 C178
 ** Warning: No sp2 improper torsion term for  ca-ca-ca-ca
        atoms are: C147 C164 C163 C179
 ** Warning: No sp2 improper torsion term for  ca-ca-ca-ca
        atoms are: C148 C163 C164 C180
 ** Warning: No sp2 improper torsion term for  ca-ca-ca-ca
        atoms are: C149 C166 C165 C181
 ** Warning: No sp2 improper torsion term for  ca-ca-ca-ca
        atoms are: C150 C165 C166 C182
 ** Warning: No sp2 improper torsion term for  ca-ca-ca-ca
        atoms are: C151 C168 C167 C183
 ** Warning: No sp2 improper torsion term for  ca-ca-ca-ca
        atoms are: C152 C167 C168 C184
 ** Warning: No sp2 improper torsion term for  ca-ca-ca-ca
        atoms are: C153 C170 C169 C185
 ** Warning: No sp2 improper torsion term for  ca-ca-ca-ca
        atoms are: C154 C169 C170 C186
 ** Warning: No sp2 improper torsion term for  ca-ca-ca-ca
        atoms are: C155 C172 C171 C187
 ** Warning: No sp2 improper torsion term for  ca-ca-ca-ca
        atoms are: C156 C171 C172 C188
 ** Warning: No sp2 improper torsion term for  ca-ca-ca-ca
        atoms are: C157 C174 C173 C189
 ** Warning: No sp2 improper torsion term for  ca-ca-ca-ca
        atoms are: C158 C173 C174 C190
 ** Warning: No sp2 improper torsion term for  ca-ca-ca-ca
        atoms are: C159 C160 C175 C191
 ** Warning: No sp2 improper torsion term for  ca-ca-ca-ca
        atoms are: C160 C177 C176 C192
 ** Warning: No sp2 improper torsion term for  ca-ca-ca-ca
        atoms are: C161 C176 C177 C193
 ** Warning: No sp2 improper torsion term for  ca-ca-ca-ca
        atoms are: C162 C179 C178 C194
 ** Warning: No sp2 improper torsion term for  ca-ca-ca-ca
        atoms are: C163 C178 C179 C195
 ** Warning: No sp2 improper torsion term for  ca-ca-ca-ca
        atoms are: C164 C181 C180 C196
 ** Warning: No sp2 improper torsion term for  ca-ca-ca-ca
        atoms are: C165 C180 C181 C197
 ** Warning: No sp2 improper torsion term for  ca-ca-ca-ca
        atoms are: C166 C183 C182 C198
 ** Warning: No sp2 improper torsion term for  ca-ca-ca-ca
        atoms are: C167 C182 C183 C199
 ** Warning: No sp2 improper torsion term for  ca-ca-ca-ca
        atoms are: C168 C185 C184 C200
 ** Warning: No sp2 improper torsion term for  ca-ca-ca-ca
        atoms are: C169 C184 C185 C201
 ** Warning: No sp2 improper torsion term for  ca-ca-ca-ca
        atoms are: C170 C187 C186 C202
 ** Warning: No sp2 improper torsion term for  ca-ca-ca-ca
        atoms are: C171 C186 C187 C203
 ** Warning: No sp2 improper torsion term for  ca-ca-ca-ca
        atoms are: C172 C189 C188 C204
 ** Warning: No sp2 improper torsion term for  ca-ca-ca-ca
        atoms are: C173 C188 C189 C205
 ** Warning: No sp2 improper torsion term for  ca-ca-ca-ca
        atoms are: C174 C191 C190 C206
 ** Warning: No sp2 improper torsion term for  ca-ca-ca-ca
        atoms are: C175 C190 C191 C207
 ** Warning: No sp2 improper torsion term for  ca-ca-ca-ca
        atoms are: C176 C207 C192 C208
 ** Warning: No sp2 improper torsion term for  ca-ca-ca-ca
        atoms are: C177 C194 C193 C209
 ** Warning: No sp2 improper torsion term for  ca-ca-ca-ca
        atoms are: C178 C193 C194 C210
 ** Warning: No sp2 improper torsion term for  ca-ca-ca-ca
        atoms are: C179 C196 C195 C211
 ** Warning: No sp2 improper torsion term for  ca-ca-ca-ca
        atoms are: C180 C195 C196 C212
 ** Warning: No sp2 improper torsion term for  ca-ca-ca-ca
        atoms are: C181 C198 C197 C213
 ** Warning: No sp2 improper torsion term for  ca-ca-ca-ca
        atoms are: C182 C197 C198 C214
 ** Warning: No sp2 improper torsion term for  ca-ca-ca-ca
        atoms are: C183 C200 C199 C215
 ** Warning: No sp2 improper torsion term for  ca-ca-ca-ca
        atoms are: C184 C199 C200 C216
 ** Warning: No sp2 improper torsion term for  ca-ca-ca-ca
        atoms are: C185 C202 C201 C217
 ** Warning: No sp2 improper torsion term for  ca-ca-ca-ca
        atoms are: C186 C201 C202 C218
 ** Warning: No sp2 improper torsion term for  ca-ca-ca-ca
        atoms are: C187 C204 C203 C219
 ** Warning: No sp2 improper torsion term for  ca-ca-ca-ca
        atoms are: C188 C203 C204 C220
 ** Warning: No sp2 improper torsion term for  ca-ca-ca-ca
        atoms are: C189 C206 C205 C221
 ** Warning: No sp2 improper torsion term for  ca-ca-ca-ca
        atoms are: C190 C205 C206 C222
 ** Warning: No sp2 improper torsion term for  ca-ca-ca-ca
        atoms are: C191 C192 C207 C223
 ** Warning: No sp2 improper torsion term for  ca-ca-ca-ca
        atoms are: C192 C209 C208 C224
 ** Warning: No sp2 improper torsion term for  ca-ca-ca-ca
        atoms are: C193 C208 C209 C225
 ** Warning: No sp2 improper torsion term for  ca-ca-ca-ca
        atoms are: C194 C211 C210 C226
 ** Warning: No sp2 improper torsion term for  ca-ca-ca-ca
        atoms are: C195 C210 C211 C227
 ** Warning: No sp2 improper torsion term for  ca-ca-ca-ca
        atoms are: C196 C213 C212 C228
 ** Warning: No sp2 improper torsion term for  ca-ca-ca-ca
        atoms are: C197 C212 C213 C229
 ** Warning: No sp2 improper torsion term for  ca-ca-ca-ca
        atoms are: C198 C215 C214 C230
 ** Warning: No sp2 improper torsion term for  ca-ca-ca-ca
        atoms are: C199 C214 C215 C231
 ** Warning: No sp2 improper torsion term for  ca-ca-ca-ca
        atoms are: C200 C217 C216 C232
 ** Warning: No sp2 improper torsion term for  ca-ca-ca-ca
        atoms are: C201 C216 C217 C233
 ** Warning: No sp2 improper torsion term for  ca-ca-ca-ca
        atoms are: C202 C219 C218 C234
 ** Warning: No sp2 improper torsion term for  ca-ca-ca-ca
        atoms are: C203 C218 C219 C235
 ** Warning: No sp2 improper torsion term for  ca-ca-ca-ca
        atoms are: C204 C221 C220 C236
 ** Warning: No sp2 improper torsion term for  ca-ca-ca-ca
        atoms are: C205 C220 C221 C237
 ** Warning: No sp2 improper torsion term for  ca-ca-ca-ca
        atoms are: C206 C223 C222 C238
 ** Warning: No sp2 improper torsion term for  ca-ca-ca-ca
        atoms are: C207 C222 C223 C239
 ** Warning: No sp2 improper torsion term for  ca-ca-ca-ca
        atoms are: C208 C239 C224 C240
 ** Warning: No sp2 improper torsion term for  ca-ca-ca-ca
        atoms are: C209 C226 C225 C241
 ** Warning: No sp2 improper torsion term for  ca-ca-ca-ca
        atoms are: C210 C225 C226 C242
 ** Warning: No sp2 improper torsion term for  ca-ca-ca-ca
        atoms are: C211 C228 C227 C243
 ** Warning: No sp2 improper torsion term for  ca-ca-ca-ca
        atoms are: C212 C227 C228 C244
 ** Warning: No sp2 improper torsion term for  ca-ca-ca-ca
        atoms are: C213 C230 C229 C245
 ** Warning: No sp2 improper torsion term for  ca-ca-ca-ca
        atoms are: C214 C229 C230 C246
 ** Warning: No sp2 improper torsion term for  ca-ca-ca-ca
        atoms are: C215 C232 C231 C247
 ** Warning: No sp2 improper torsion term for  ca-ca-ca-ca
        atoms are: C216 C231 C232 C248
 ** Warning: No sp2 improper torsion term for  ca-ca-ca-ca
        atoms are: C217 C234 C233 C249
 ** Warning: No sp2 improper torsion term for  ca-ca-ca-ca
        atoms are: C218 C233 C234 C250
 ** Warning: No sp2 improper torsion term for  ca-ca-ca-ca
        atoms are: C219 C236 C235 C251
 ** Warning: No sp2 improper torsion term for  ca-ca-ca-ca
        atoms are: C220 C235 C236 C252
 ** Warning: No sp2 improper torsion term for  ca-ca-ca-ca
        atoms are: C221 C238 C237 C253
 ** Warning: No sp2 improper torsion term for  ca-ca-ca-ca
        atoms are: C222 C237 C238 C254
 ** Warning: No sp2 improper torsion term for  ca-ca-ca-ca
        atoms are: C223 C224 C239 C255
 ** Warning: No sp2 improper torsion term for  ca-ca-ca-ca
        atoms are: C224 C241 C240 C256
 ** Warning: No sp2 improper torsion term for  ca-ca-ca-ca
        atoms are: C225 C240 C241 C257
 ** Warning: No sp2 improper torsion term for  ca-ca-ca-ca
        atoms are: C226 C243 C242 C258
 ** Warning: No sp2 improper torsion term for  ca-ca-ca-ca
        atoms are: C227 C242 C243 C259
 ** Warning: No sp2 improper torsion term for  ca-ca-ca-ca
        atoms are: C228 C245 C244 C260
 ** Warning: No sp2 improper torsion term for  ca-ca-ca-ca
        atoms are: C229 C244 C245 C261
 ** Warning: No sp2 improper torsion term for  ca-ca-ca-ca
        atoms are: C230 C247 C246 C262
 ** Warning: No sp2 improper torsion term for  ca-ca-ca-ca
        atoms are: C231 C246 C247 C263
 ** Warning: No sp2 improper torsion term for  ca-ca-ca-ca
        atoms are: C232 C249 C248 C264
 ** Warning: No sp2 improper torsion term for  ca-ca-ca-ca
        atoms are: C233 C248 C249 C265
 ** Warning: No sp2 improper torsion term for  ca-ca-ca-ca
        atoms are: C234 C251 C250 C266
 ** Warning: No sp2 improper torsion term for  ca-ca-ca-ca
        atoms are: C235 C250 C251 C267
 ** Warning: No sp2 improper torsion term for  ca-ca-ca-ca
        atoms are: C236 C253 C252 C268
 ** Warning: No sp2 improper torsion term for  ca-ca-ca-ca
        atoms are: C237 C252 C253 C269
 ** Warning: No sp2 improper torsion term for  ca-ca-ca-ca
        atoms are: C238 C255 C254 C270
 ** Warning: No sp2 improper torsion term for  ca-ca-ca-ca
        atoms are: C239 C254 C255 C271
 ** Warning: No sp2 improper torsion term for  ca-ca-ca-ca
        atoms are: C240 C271 C256 C272
 ** Warning: No sp2 improper torsion term for  ca-ca-ca-ca
        atoms are: C241 C258 C257 C273
 ** Warning: No sp2 improper torsion term for  ca-ca-ca-ca
        atoms are: C242 C257 C258 C274
 ** Warning: No sp2 improper torsion term for  ca-ca-ca-ca
        atoms are: C243 C260 C259 C275
 ** Warning: No sp2 improper torsion term for  ca-ca-ca-ca
        atoms are: C244 C259 C260 C276
 ** Warning: No sp2 improper torsion term for  ca-ca-ca-ca
        atoms are: C245 C262 C261 C277
 ** Warning: No sp2 improper torsion term for  ca-ca-ca-ca
        atoms are: C246 C261 C262 C278
 ** Warning: No sp2 improper torsion term for  ca-ca-ca-ca
        atoms are: C247 C264 C263 C279
 ** Warning: No sp2 improper torsion term for  ca-ca-ca-ca
        atoms are: C248 C263 C264 C280
 ** Warning: No sp2 improper torsion term for  ca-ca-ca-ca
        atoms are: C249 C266 C265 C281
 ** Warning: No sp2 improper torsion term for  ca-ca-ca-ca
        atoms are: C250 C265 C266 C282
 ** Warning: No sp2 improper torsion term for  ca-ca-ca-ca
        atoms are: C251 C268 C267 C283
 ** Warning: No sp2 improper torsion term for  ca-ca-ca-ca
        atoms are: C252 C267 C268 C284
 ** Warning: No sp2 improper torsion term for  ca-ca-ca-ca
        atoms are: C253 C270 C269 C285
 ** Warning: No sp2 improper torsion term for  ca-ca-ca-ca
        atoms are: C254 C269 C270 C286
 ** Warning: No sp2 improper torsion term for  ca-ca-ca-ca
        atoms are: C255 C256 C271 C287
 ** Warning: No sp2 improper torsion term for  ca-ca-ca-ca
        atoms are: C256 C273 C272 C288
 ** Warning: No sp2 improper torsion term for  ca-ca-ca-ca
        atoms are: C257 C272 C273 C289
 ** Warning: No sp2 improper torsion term for  ca-ca-ca-ca
        atoms are: C258 C275 C274 C290
 ** Warning: No sp2 improper torsion term for  ca-ca-ca-ca
        atoms are: C259 C274 C275 C291
 ** Warning: No sp2 improper torsion term for  ca-ca-ca-ca
        atoms are: C260 C277 C276 C292
 ** Warning: No sp2 improper torsion term for  ca-ca-ca-ca
        atoms are: C261 C276 C277 C293
 ** Warning: No sp2 improper torsion term for  ca-ca-ca-ca
        atoms are: C262 C279 C278 C294
 ** Warning: No sp2 improper torsion term for  ca-ca-ca-ca
        atoms are: C263 C278 C279 C295
 ** Warning: No sp2 improper torsion term for  ca-ca-ca-ca
        atoms are: C264 C281 C280 C296
 ** Warning: No sp2 improper torsion term for  ca-ca-ca-ca
        atoms are: C265 C280 C281 C297
 ** Warning: No sp2 improper torsion term for  ca-ca-ca-ca
        atoms are: C266 C283 C282 C298
 ** Warning: No sp2 improper torsion term for  ca-ca-ca-ca
        atoms are: C267 C282 C283 C299
 ** Warning: No sp2 improper torsion term for  ca-ca-ca-ca
        atoms are: C268 C285 C284 C300
 ** Warning: No sp2 improper torsion term for  ca-ca-ca-ca
        atoms are: C269 C284 C285 C301
 ** Warning: No sp2 improper torsion term for  ca-ca-ca-ca
        atoms are: C270 C287 C286 C302
 ** Warning: No sp2 improper torsion term for  ca-ca-ca-ca
        atoms are: C271 C286 C287 C303
 ** Warning: No sp2 improper torsion term for  ca-ca-ca-ca
        atoms are: C272 C303 C288 C304
 ** Warning: No sp2 improper torsion term for  ca-ca-ca-ca
        atoms are: C273 C290 C289 C305
 ** Warning: No sp2 improper torsion term for  ca-ca-ca-ca
        atoms are: C274 C289 C290 C306
 ** Warning: No sp2 improper torsion term for  ca-ca-ca-ca
        atoms are: C275 C292 C291 C307
 ** Warning: No sp2 improper torsion term for  ca-ca-ca-ca
        atoms are: C276 C291 C292 C308
 ** Warning: No sp2 improper torsion term for  ca-ca-ca-ca
        atoms are: C277 C294 C293 C309
 ** Warning: No sp2 improper torsion term for  ca-ca-ca-ca
        atoms are: C278 C293 C294 C310
 ** Warning: No sp2 improper torsion term for  ca-ca-ca-ca
        atoms are: C279 C296 C295 C311
 ** Warning: No sp2 improper torsion term for  ca-ca-ca-ca
        atoms are: C280 C295 C296 C312
 ** Warning: No sp2 improper torsion term for  ca-ca-ca-ca
        atoms are: C281 C298 C297 C313
 ** Warning: No sp2 improper torsion term for  ca-ca-ca-ca
        atoms are: C282 C297 C298 C314
 ** Warning: No sp2 improper torsion term for  ca-ca-ca-ca
        atoms are: C283 C300 C299 C315
 ** Warning: No sp2 improper torsion term for  ca-ca-ca-ca
        atoms are: C284 C299 C300 C316
 ** Warning: No sp2 improper torsion term for  ca-ca-ca-ca
        atoms are: C285 C302 C301 C317
 ** Warning: No sp2 improper torsion term for  ca-ca-ca-ca
        atoms are: C286 C301 C302 C318
 ** Warning: No sp2 improper torsion term for  ca-ca-ca-ca
        atoms are: C287 C288 C303 C319
 ** Warning: No sp2 improper torsion term for  ca-ca-ca-ca
        atoms are: C288 C305 C304 C320
 ** Warning: No sp2 improper torsion term for  ca-ca-ca-ca
        atoms are: C289 C304 C305 C321
 ** Warning: No sp2 improper torsion term for  ca-ca-ca-ca
        atoms are: C290 C307 C306 C322
 ** Warning: No sp2 improper torsion term for  ca-ca-ca-ca
        atoms are: C291 C306 C307 C323
 ** Warning: No sp2 improper torsion term for  ca-ca-ca-ca
        atoms are: C292 C309 C308 C324
 ** Warning: No sp2 improper torsion term for  ca-ca-ca-ca
        atoms are: C293 C308 C309 C325
 ** Warning: No sp2 improper torsion term for  ca-ca-ca-ca
        atoms are: C294 C311 C310 C326
 ** Warning: No sp2 improper torsion term for  ca-ca-ca-ca
        atoms are: C295 C310 C311 C327
 ** Warning: No sp2 improper torsion term for  ca-ca-ca-ca
        atoms are: C296 C313 C312 C328
 ** Warning: No sp2 improper torsion term for  ca-ca-ca-ca
        atoms are: C297 C312 C313 C329
 ** Warning: No sp2 improper torsion term for  ca-ca-ca-ca
        atoms are: C298 C315 C314 C330
 ** Warning: No sp2 improper torsion term for  ca-ca-ca-ca
        atoms are: C299 C314 C315 C331
 ** Warning: No sp2 improper torsion term for  ca-ca-ca-ca
        atoms are: C300 C317 C316 C332
 ** Warning: No sp2 improper torsion term for  ca-ca-ca-ca
        atoms are: C301 C316 C317 C333
 ** Warning: No sp2 improper torsion term for  ca-ca-ca-ca
        atoms are: C302 C319 C318 C334
 ** Warning: No sp2 improper torsion term for  ca-ca-ca-ca
        atoms are: C303 C318 C319 C335
 ** Warning: No sp2 improper torsion term for  ca-ca-ca-ca
        atoms are: C304 C335 C320 C336
 ** Warning: No sp2 improper torsion term for  ca-ca-ca-ca
        atoms are: C305 C322 C321 C337
 ** Warning: No sp2 improper torsion term for  ca-ca-ca-ca
        atoms are: C306 C321 C322 C338
 ** Warning: No sp2 improper torsion term for  ca-ca-ca-ca
        atoms are: C307 C324 C323 C339
 ** Warning: No sp2 improper torsion term for  ca-ca-ca-ca
        atoms are: C308 C323 C324 C340
 ** Warning: No sp2 improper torsion term for  ca-ca-ca-ca
        atoms are: C309 C326 C325 C341
 ** Warning: No sp2 improper torsion term for  ca-ca-ca-ca
        atoms are: C310 C325 C326 C342
 ** Warning: No sp2 improper torsion term for  ca-ca-ca-ca
        atoms are: C311 C328 C327 C343
 ** Warning: No sp2 improper torsion term for  ca-ca-ca-ca
        atoms are: C312 C327 C328 C344
 ** Warning: No sp2 improper torsion term for  ca-ca-ca-ca
        atoms are: C313 C330 C329 C345
 ** Warning: No sp2 improper torsion term for  ca-ca-ca-ca
        atoms are: C314 C329 C330 C346
 ** Warning: No sp2 improper torsion term for  ca-ca-ca-ca
        atoms are: C315 C332 C331 C347
 ** Warning: No sp2 improper torsion term for  ca-ca-ca-ca
        atoms are: C316 C331 C332 C348
 ** Warning: No sp2 improper torsion term for  ca-ca-ca-ca
        atoms are: C317 C334 C333 C349
 ** Warning: No sp2 improper torsion term for  ca-ca-ca-ca
        atoms are: C318 C333 C334 C350
 ** Warning: No sp2 improper torsion term for  ca-ca-ca-ca
        atoms are: C319 C320 C335 C351
 ** Warning: No sp2 improper torsion term for  ca-ca-ca-ca
        atoms are: C320 C337 C336 C352
 ** Warning: No sp2 improper torsion term for  ca-ca-ca-ca
        atoms are: C321 C336 C337 C353
 ** Warning: No sp2 improper torsion term for  ca-ca-ca-ca
        atoms are: C322 C339 C338 C354
 ** Warning: No sp2 improper torsion term for  ca-ca-ca-ca
        atoms are: C323 C338 C339 C355
 ** Warning: No sp2 improper torsion term for  ca-ca-ca-ca
        atoms are: C324 C341 C340 C356
 ** Warning: No sp2 improper torsion term for  ca-ca-ca-ca
        atoms are: C325 C340 C341 C357
 ** Warning: No sp2 improper torsion term for  ca-ca-ca-ca
        atoms are: C326 C343 C342 C358
 ** Warning: No sp2 improper torsion term for  ca-ca-ca-ca
        atoms are: C327 C342 C343 C359
 ** Warning: No sp2 improper torsion term for  ca-ca-ca-ca
        atoms are: C328 C345 C344 C360
 ** Warning: No sp2 improper torsion term for  ca-ca-ca-ca
        atoms are: C329 C344 C345 C361
 ** Warning: No sp2 improper torsion term for  ca-ca-ca-ca
        atoms are: C330 C347 C346 C362
 ** Warning: No sp2 improper torsion term for  ca-ca-ca-ca
        atoms are: C331 C346 C347 C363
 ** Warning: No sp2 improper torsion term for  ca-ca-ca-ca
        atoms are: C332 C349 C348 C364
 ** Warning: No sp2 improper torsion term for  ca-ca-ca-ca
        atoms are: C333 C348 C349 C365
 ** Warning: No sp2 improper torsion term for  ca-ca-ca-ca
        atoms are: C334 C351 C350 C366
 ** Warning: No sp2 improper torsion term for  ca-ca-ca-ca
        atoms are: C335 C350 C351 C367
 ** Warning: No sp2 improper torsion term for  ca-ca-ca-ca
        atoms are: C336 C367 C352 C368
 ** Warning: No sp2 improper torsion term for  ca-ca-ca-ca
        atoms are: C337 C354 C353 C369
 ** Warning: No sp2 improper torsion term for  ca-ca-ca-ca
        atoms are: C338 C353 C354 C370
 ** Warning: No sp2 improper torsion term for  ca-ca-ca-ca
        atoms are: C339 C356 C355 C371
 ** Warning: No sp2 improper torsion term for  ca-ca-ca-ca
        atoms are: C340 C355 C356 C372
 ** Warning: No sp2 improper torsion term for  ca-ca-ca-ca
        atoms are: C341 C358 C357 C373
 ** Warning: No sp2 improper torsion term for  ca-ca-ca-ca
        atoms are: C342 C357 C358 C374
 ** Warning: No sp2 improper torsion term for  ca-ca-ca-ca
        atoms are: C343 C360 C359 C375
 ** Warning: No sp2 improper torsion term for  ca-ca-ca-ca
        atoms are: C344 C359 C360 C376
 ** Warning: No sp2 improper torsion term for  ca-ca-ca-ca
        atoms are: C345 C362 C361 C377
 ** Warning: No sp2 improper torsion term for  ca-ca-ca-ca
        atoms are: C346 C361 C362 C378
 ** Warning: No sp2 improper torsion term for  ca-ca-ca-ca
        atoms are: C347 C364 C363 C379
 ** Warning: No sp2 improper torsion term for  ca-ca-ca-ca
        atoms are: C348 C363 C364 C380
 ** Warning: No sp2 improper torsion term for  ca-ca-ca-ca
        atoms are: C349 C366 C365 C381
 ** Warning: No sp2 improper torsion term for  ca-ca-ca-ca
        atoms are: C350 C365 C366 C382
 ** Warning: No sp2 improper torsion term for  ca-ca-ca-ca
        atoms are: C351 C352 C367 C383
 ** Warning: No sp2 improper torsion term for  ca-ca-ca-ca
        atoms are: C352 C369 C368 C384
 ** Warning: No sp2 improper torsion term for  ca-ca-ca-ca
        atoms are: C353 C368 C369 C385
 ** Warning: No sp2 improper torsion term for  ca-ca-ca-ca
        atoms are: C354 C371 C370 C386
 ** Warning: No sp2 improper torsion term for  ca-ca-ca-ca
        atoms are: C355 C370 C371 C387
 ** Warning: No sp2 improper torsion term for  ca-ca-ca-ca
        atoms are: C356 C373 C372 C388
 ** Warning: No sp2 improper torsion term for  ca-ca-ca-ca
        atoms are: C357 C372 C373 C389
 ** Warning: No sp2 improper torsion term for  ca-ca-ca-ca
        atoms are: C358 C375 C374 C390
 ** Warning: No sp2 improper torsion term for  ca-ca-ca-ca
        atoms are: C359 C374 C375 C391
 ** Warning: No sp2 improper torsion term for  ca-ca-ca-ca
        atoms are: C360 C377 C376 C392
 ** Warning: No sp2 improper torsion term for  ca-ca-ca-ca
        atoms are: C361 C376 C377 C393
 ** Warning: No sp2 improper torsion term for  ca-ca-ca-ca
        atoms are: C362 C379 C378 C394
 ** Warning: No sp2 improper torsion term for  ca-ca-ca-ca
        atoms are: C363 C378 C379 C395
 ** Warning: No sp2 improper torsion term for  ca-ca-ca-ca
        atoms are: C364 C381 C380 C396
 ** Warning: No sp2 improper torsion term for  ca-ca-ca-ca
        atoms are: C365 C380 C381 C397
 ** Warning: No sp2 improper torsion term for  ca-ca-ca-ca
        atoms are: C366 C383 C382 C398
 ** Warning: No sp2 improper torsion term for  ca-ca-ca-ca
        atoms are: C367 C382 C383 C399
 ** Warning: No sp2 improper torsion term for  ca-ca-ca-ca
        atoms are: C368 C399 C384 C400
 ** Warning: No sp2 improper torsion term for  ca-ca-ca-ca
        atoms are: C369 C386 C385 C401
 ** Warning: No sp2 improper torsion term for  ca-ca-ca-ca
        atoms are: C370 C385 C386 C402
 ** Warning: No sp2 improper torsion term for  ca-ca-ca-ca
        atoms are: C371 C388 C387 C403
 ** Warning: No sp2 improper torsion term for  ca-ca-ca-ca
        atoms are: C372 C387 C388 C404
 ** Warning: No sp2 improper torsion term for  ca-ca-ca-ca
        atoms are: C373 C390 C389 C405
 ** Warning: No sp2 improper torsion term for  ca-ca-ca-ca
        atoms are: C374 C389 C390 C406
 ** Warning: No sp2 improper torsion term for  ca-ca-ca-ca
        atoms are: C375 C392 C391 C407
 ** Warning: No sp2 improper torsion term for  ca-ca-ca-ca
        atoms are: C376 C391 C392 C408
 ** Warning: No sp2 improper torsion term for  ca-ca-ca-ca
        atoms are: C377 C394 C393 C409
 ** Warning: No sp2 improper torsion term for  ca-ca-ca-ca
        atoms are: C378 C393 C394 C410
 ** Warning: No sp2 improper torsion term for  ca-ca-ca-ca
        atoms are: C379 C396 C395 C411
 ** Warning: No sp2 improper torsion term for  ca-ca-ca-ca
        atoms are: C380 C395 C396 C412
 ** Warning: No sp2 improper torsion term for  ca-ca-ca-ca
        atoms are: C381 C398 C397 C413
 ** Warning: No sp2 improper torsion term for  ca-ca-ca-ca
        atoms are: C382 C397 C398 C414
 ** Warning: No sp2 improper torsion term for  ca-ca-ca-ca
        atoms are: C383 C384 C399 C415
 ** Warning: No sp2 improper torsion term for  ca-ca-ca-ca
        atoms are: C384 C401 C400 C416
 ** Warning: No sp2 improper torsion term for  ca-ca-ca-ca
        atoms are: C385 C400 C401 C417
 ** Warning: No sp2 improper torsion term for  ca-ca-ca-ca
        atoms are: C386 C403 C402 C418
 ** Warning: No sp2 improper torsion term for  ca-ca-ca-ca
        atoms are: C387 C402 C403 C419
 ** Warning: No sp2 improper torsion term for  ca-ca-ca-ca
        atoms are: C388 C405 C404 C420
 ** Warning: No sp2 improper torsion term for  ca-ca-ca-ca
        atoms are: C389 C404 C405 C421
 ** Warning: No sp2 improper torsion term for  ca-ca-ca-ca
        atoms are: C390 C407 C406 C422
 ** Warning: No sp2 improper torsion term for  ca-ca-ca-ca
        atoms are: C391 C406 C407 C423
 ** Warning: No sp2 improper torsion term for  ca-ca-ca-ca
        atoms are: C392 C409 C408 C424
 ** Warning: No sp2 improper torsion term for  ca-ca-ca-ca
        atoms are: C393 C408 C409 C425
 ** Warning: No sp2 improper torsion term for  ca-ca-ca-ca
        atoms are: C394 C411 C410 C426
 ** Warning: No sp2 improper torsion term for  ca-ca-ca-ca
        atoms are: C395 C410 C411 C427
 ** Warning: No sp2 improper torsion term for  ca-ca-ca-ca
        atoms are: C396 C413 C412 C428
 ** Warning: No sp2 improper torsion term for  ca-ca-ca-ca
        atoms are: C397 C412 C413 C429
 ** Warning: No sp2 improper torsion term for  ca-ca-ca-ca
        atoms are: C398 C415 C414 C430
 ** Warning: No sp2 improper torsion term for  ca-ca-ca-ca
        atoms are: C399 C414 C415 C431
 ** Warning: No sp2 improper torsion term for  ca-ca-ca-ca
        atoms are: C400 C431 C416 C432
 ** Warning: No sp2 improper torsion term for  ca-ca-ca-ca
        atoms are: C401 C418 C417 C433
 ** Warning: No sp2 improper torsion term for  ca-ca-ca-ca
        atoms are: C402 C417 C418 C434
 ** Warning: No sp2 improper torsion term for  ca-ca-ca-ca
        atoms are: C403 C420 C419 C435
 ** Warning: No sp2 improper torsion term for  ca-ca-ca-ca
        atoms are: C404 C419 C420 C436
 ** Warning: No sp2 improper torsion term for  ca-ca-ca-ca
        atoms are: C405 C422 C421 C437
 ** Warning: No sp2 improper torsion term for  ca-ca-ca-ca
        atoms are: C406 C421 C422 C438
 ** Warning: No sp2 improper torsion term for  ca-ca-ca-ca
        atoms are: C407 C424 C423 C439
 ** Warning: No sp2 improper torsion term for  ca-ca-ca-ca
        atoms are: C408 C423 C424 C440
 ** Warning: No sp2 improper torsion term for  ca-ca-ca-ca
        atoms are: C409 C426 C425 C441
 ** Warning: No sp2 improper torsion term for  ca-ca-ca-ca
        atoms are: C410 C425 C426 C442
 ** Warning: No sp2 improper torsion term for  ca-ca-ca-ca
        atoms are: C411 C428 C427 C443
 ** Warning: No sp2 improper torsion term for  ca-ca-ca-ca
        atoms are: C412 C427 C428 C444
 ** Warning: No sp2 improper torsion term for  ca-ca-ca-ca
        atoms are: C413 C430 C429 C445
 ** Warning: No sp2 improper torsion term for  ca-ca-ca-ca
        atoms are: C414 C429 C430 C446
 ** Warning: No sp2 improper torsion term for  ca-ca-ca-ca
        atoms are: C415 C416 C431 C447
 ** Warning: No sp2 improper torsion term for  ca-ca-ca-ca
        atoms are: C416 C433 C432 C448
 ** Warning: No sp2 improper torsion term for  ca-ca-ca-ca
        atoms are: C417 C432 C433 C449
 ** Warning: No sp2 improper torsion term for  ca-ca-ca-ca
        atoms are: C418 C435 C434 C450
 ** Warning: No sp2 improper torsion term for  ca-ca-ca-ca
        atoms are: C419 C434 C435 C451
 ** Warning: No sp2 improper torsion term for  ca-ca-ca-ca
        atoms are: C420 C437 C436 C452
 ** Warning: No sp2 improper torsion term for  ca-ca-ca-ca
        atoms are: C421 C436 C437 C453
 ** Warning: No sp2 improper torsion term for  ca-ca-ca-ca
        atoms are: C422 C439 C438 C454
 ** Warning: No sp2 improper torsion term for  ca-ca-ca-ca
        atoms are: C423 C438 C439 C455
 ** Warning: No sp2 improper torsion term for  ca-ca-ca-ca
        atoms are: C424 C441 C440 C456
 ** Warning: No sp2 improper torsion term for  ca-ca-ca-ca
        atoms are: C425 C440 C441 C457
 ** Warning: No sp2 improper torsion term for  ca-ca-ca-ca
        atoms are: C426 C443 C442 C458
 ** Warning: No sp2 improper torsion term for  ca-ca-ca-ca
        atoms are: C427 C442 C443 C459
 ** Warning: No sp2 improper torsion term for  ca-ca-ca-ca
        atoms are: C428 C445 C444 C460
 ** Warning: No sp2 improper torsion term for  ca-ca-ca-ca
        atoms are: C429 C444 C445 C461
 ** Warning: No sp2 improper torsion term for  ca-ca-ca-ca
        atoms are: C430 C447 C446 C462
 ** Warning: No sp2 improper torsion term for  ca-ca-ca-ca
        atoms are: C431 C446 C447 C463
 ** Warning: No sp2 improper torsion term for  ca-ca-ca-ca
        atoms are: C432 C463 C448 C464
 ** Warning: No sp2 improper torsion term for  ca-ca-ca-ca
        atoms are: C433 C450 C449 C465
 ** Warning: No sp2 improper torsion term for  ca-ca-ca-ca
        atoms are: C434 C449 C450 C466
 ** Warning: No sp2 improper torsion term for  ca-ca-ca-ca
        atoms are: C435 C452 C451 C467
 ** Warning: No sp2 improper torsion term for  ca-ca-ca-ca
        atoms are: C436 C451 C452 C468
 ** Warning: No sp2 improper torsion term for  ca-ca-ca-ca
        atoms are: C437 C454 C453 C469
 ** Warning: No sp2 improper torsion term for  ca-ca-ca-ca
        atoms are: C438 C453 C454 C470
 ** Warning: No sp2 improper torsion term for  ca-ca-ca-ca
        atoms are: C439 C456 C455 C471
 ** Warning: No sp2 improper torsion term for  ca-ca-ca-ca
        atoms are: C440 C455 C456 C472
 ** Warning: No sp2 improper torsion term for  ca-ca-ca-ca
        atoms are: C441 C458 C457 C473
 ** Warning: No sp2 improper torsion term for  ca-ca-ca-ca
        atoms are: C442 C457 C458 C474
 ** Warning: No sp2 improper torsion term for  ca-ca-ca-ca
        atoms are: C443 C460 C459 C475
 ** Warning: No sp2 improper torsion term for  ca-ca-ca-ca
        atoms are: C444 C459 C460 C476
 ** Warning: No sp2 improper torsion term for  ca-ca-ca-ca
        atoms are: C445 C462 C461 C477
 ** Warning: No sp2 improper torsion term for  ca-ca-ca-ca
        atoms are: C446 C461 C462 C478
 ** Warning: No sp2 improper torsion term for  ca-ca-ca-ca
        atoms are: C447 C448 C463 C479
 ** Warning: No sp2 improper torsion term for  ca-ca-ca-ca
        atoms are: C448 C465 C464 C480
 ** Warning: No sp2 improper torsion term for  ca-ca-ca-ca
        atoms are: C449 C464 C465 C481
 ** Warning: No sp2 improper torsion term for  ca-ca-ca-ca
        atoms are: C450 C467 C466 C482
 ** Warning: No sp2 improper torsion term for  ca-ca-ca-ca
        atoms are: C451 C466 C467 C483
 ** Warning: No sp2 improper torsion term for  ca-ca-ca-ca
        atoms are: C452 C469 C468 C484
 ** Warning: No sp2 improper torsion term for  ca-ca-ca-ca
        atoms are: C453 C468 C469 C485
 ** Warning: No sp2 improper torsion term for  ca-ca-ca-ca
        atoms are: C454 C471 C470 C486
 ** Warning: No sp2 improper torsion term for  ca-ca-ca-ca
        atoms are: C455 C470 C471 C487
 ** Warning: No sp2 improper torsion term for  ca-ca-ca-ca
        atoms are: C456 C473 C472 C488
 ** Warning: No sp2 improper torsion term for  ca-ca-ca-ca
        atoms are: C457 C472 C473 C489
 ** Warning: No sp2 improper torsion term for  ca-ca-ca-ca
        atoms are: C458 C475 C474 C490
 ** Warning: No sp2 improper torsion term for  ca-ca-ca-ca
        atoms are: C459 C474 C475 C491
 ** Warning: No sp2 improper torsion term for  ca-ca-ca-ca
        atoms are: C460 C477 C476 C492
 ** Warning: No sp2 improper torsion term for  ca-ca-ca-ca
        atoms are: C461 C476 C477 C493
 ** Warning: No sp2 improper torsion term for  ca-ca-ca-ca
        atoms are: C462 C479 C478 C494
 ** Warning: No sp2 improper torsion term for  ca-ca-ca-ca
        atoms are: C463 C478 C479 C495
 ** Warning: No sp2 improper torsion term for  ca-ca-ca-ca
        atoms are: C464 C495 C480 C496
 ** Warning: No sp2 improper torsion term for  ca-ca-ca-ca
        atoms are: C465 C482 C481 C497
 ** Warning: No sp2 improper torsion term for  ca-ca-ca-ca
        atoms are: C466 C481 C482 C498
 ** Warning: No sp2 improper torsion term for  ca-ca-ca-ca
        atoms are: C467 C484 C483 C499
 ** Warning: No sp2 improper torsion term for  ca-ca-ca-ca
        atoms are: C468 C483 C484 C500
 ** Warning: No sp2 improper torsion term for  ca-ca-ca-ca
        atoms are: C469 C486 C485 C501
 ** Warning: No sp2 improper torsion term for  ca-ca-ca-ca
        atoms are: C470 C485 C486 C502
 ** Warning: No sp2 improper torsion term for  ca-ca-ca-ca
        atoms are: C471 C488 C487 C503
 ** Warning: No sp2 improper torsion term for  ca-ca-ca-ca
        atoms are: C472 C487 C488 C504
 ** Warning: No sp2 improper torsion term for  ca-ca-ca-ca
        atoms are: C473 C490 C489 C505
 ** Warning: No sp2 improper torsion term for  ca-ca-ca-ca
        atoms are: C474 C489 C490 C506
 ** Warning: No sp2 improper torsion term for  ca-ca-ca-ca
        atoms are: C475 C492 C491 C507
 ** Warning: No sp2 improper torsion term for  ca-ca-ca-ca
        atoms are: C476 C491 C492 C508
 ** Warning: No sp2 improper torsion term for  ca-ca-ca-ca
        atoms are: C477 C494 C493 C509
 ** Warning: No sp2 improper torsion term for  ca-ca-ca-ca
        atoms are: C478 C493 C494 C510
 ** Warning: No sp2 improper torsion term for  ca-ca-ca-ca
        atoms are: C479 C480 C495 C511
 ** Warning: No sp2 improper torsion term for  ca-ca-ca-ca
        atoms are: C480 C497 C496 C512
 ** Warning: No sp2 improper torsion term for  ca-ca-ca-ca
        atoms are: C481 C496 C497 C513
 ** Warning: No sp2 improper torsion term for  ca-ca-ca-ca
        atoms are: C482 C499 C498 C514
 ** Warning: No sp2 improper torsion term for  ca-ca-ca-ca
        atoms are: C483 C498 C499 C515
 ** Warning: No sp2 improper torsion term for  ca-ca-ca-ca
        atoms are: C484 C501 C500 C516
 ** Warning: No sp2 improper torsion term for  ca-ca-ca-ca
        atoms are: C485 C500 C501 C517
 ** Warning: No sp2 improper torsion term for  ca-ca-ca-ca
        atoms are: C486 C503 C502 C518
 ** Warning: No sp2 improper torsion term for  ca-ca-ca-ca
        atoms are: C487 C502 C503 C519
 ** Warning: No sp2 improper torsion term for  ca-ca-ca-ca
        atoms are: C488 C505 C504 C520
 ** Warning: No sp2 improper torsion term for  ca-ca-ca-ca
        atoms are: C489 C504 C505 C521
 ** Warning: No sp2 improper torsion term for  ca-ca-ca-ca
        atoms are: C490 C507 C506 C522
 ** Warning: No sp2 improper torsion term for  ca-ca-ca-ca
        atoms are: C491 C506 C507 C523
 ** Warning: No sp2 improper torsion term for  ca-ca-ca-ca
        atoms are: C492 C509 C508 C524
 ** Warning: No sp2 improper torsion term for  ca-ca-ca-ca
        atoms are: C493 C508 C509 C525
 ** Warning: No sp2 improper torsion term for  ca-ca-ca-ca
        atoms are: C494 C511 C510 C526
 ** Warning: No sp2 improper torsion term for  ca-ca-ca-ca
        atoms are: C495 C510 C511 C527
 ** Warning: No sp2 improper torsion term for  ca-ca-ca-ca
        atoms are: C496 C527 C512 C528
 ** Warning: No sp2 improper torsion term for  ca-ca-ca-ca
        atoms are: C497 C514 C513 C529
 ** Warning: No sp2 improper torsion term for  ca-ca-ca-ca
        atoms are: C498 C513 C514 C530
 ** Warning: No sp2 improper torsion term for  ca-ca-ca-ca
        atoms are: C499 C516 C515 C531
 ** Warning: No sp2 improper torsion term for  ca-ca-ca-ca
        atoms are: C500 C515 C516 C532
 ** Warning: No sp2 improper torsion term for  ca-ca-ca-ca
        atoms are: C501 C518 C517 C533
 ** Warning: No sp2 improper torsion term for  ca-ca-ca-ca
        atoms are: C502 C517 C518 C534
 ** Warning: No sp2 improper torsion term for  ca-ca-ca-ca
        atoms are: C503 C520 C519 C535
 ** Warning: No sp2 improper torsion term for  ca-ca-ca-ca
        atoms are: C504 C519 C520 C536
 ** Warning: No sp2 improper torsion term for  ca-ca-ca-ca
        atoms are: C505 C522 C521 C537
 ** Warning: No sp2 improper torsion term for  ca-ca-ca-ca
        atoms are: C506 C521 C522 C538
 ** Warning: No sp2 improper torsion term for  ca-ca-ca-ca
        atoms are: C507 C524 C523 C539
 ** Warning: No sp2 improper torsion term for  ca-ca-ca-ca
        atoms are: C508 C523 C524 C540
 ** Warning: No sp2 improper torsion term for  ca-ca-ca-ca
        atoms are: C509 C526 C525 C541
 ** Warning: No sp2 improper torsion term for  ca-ca-ca-ca
        atoms are: C510 C525 C526 C542
 ** Warning: No sp2 improper torsion term for  ca-ca-ca-ca
        atoms are: C511 C512 C527 C543
 ** Warning: No sp2 improper torsion term for  ca-ca-ca-ca
        atoms are: C512 C529 C528 C544
 ** Warning: No sp2 improper torsion term for  ca-ca-ca-ca
        atoms are: C513 C528 C529 C545
 ** Warning: No sp2 improper torsion term for  ca-ca-ca-ca
        atoms are: C514 C531 C530 C546
 ** Warning: No sp2 improper torsion term for  ca-ca-ca-ca
        atoms are: C515 C530 C531 C547
 ** Warning: No sp2 improper torsion term for  ca-ca-ca-ca
        atoms are: C516 C533 C532 C548
 ** Warning: No sp2 improper torsion term for  ca-ca-ca-ca
        atoms are: C517 C532 C533 C549
 ** Warning: No sp2 improper torsion term for  ca-ca-ca-ca
        atoms are: C518 C535 C534 C550
 ** Warning: No sp2 improper torsion term for  ca-ca-ca-ca
        atoms are: C519 C534 C535 C551
 ** Warning: No sp2 improper torsion term for  ca-ca-ca-ca
        atoms are: C520 C537 C536 C552
 ** Warning: No sp2 improper torsion term for  ca-ca-ca-ca
        atoms are: C521 C536 C537 C553
 ** Warning: No sp2 improper torsion term for  ca-ca-ca-ca
        atoms are: C522 C539 C538 C554
 ** Warning: No sp2 improper torsion term for  ca-ca-ca-ca
        atoms are: C523 C538 C539 C555
 ** Warning: No sp2 improper torsion term for  ca-ca-ca-ca
        atoms are: C524 C541 C540 C556
 ** Warning: No sp2 improper torsion term for  ca-ca-ca-ca
        atoms are: C525 C540 C541 C557
 ** Warning: No sp2 improper torsion term for  ca-ca-ca-ca
        atoms are: C526 C543 C542 C558
 ** Warning: No sp2 improper torsion term for  ca-ca-ca-ca
        atoms are: C527 C542 C543 C559
 ** Warning: No sp2 improper torsion term for  ca-ca-ca-ca
        atoms are: C528 C559 C544 C560
 ** Warning: No sp2 improper torsion term for  ca-ca-ca-ca
        atoms are: C529 C546 C545 C561
 ** Warning: No sp2 improper torsion term for  ca-ca-ca-ca
        atoms are: C530 C545 C546 C562
 ** Warning: No sp2 improper torsion term for  ca-ca-ca-ca
        atoms are: C531 C548 C547 C563
 ** Warning: No sp2 improper torsion term for  ca-ca-ca-ca
        atoms are: C532 C547 C548 C564
 ** Warning: No sp2 improper torsion term for  ca-ca-ca-ca
        atoms are: C533 C550 C549 C565
 ** Warning: No sp2 improper torsion term for  ca-ca-ca-ca
        atoms are: C534 C549 C550 C566
 ** Warning: No sp2 improper torsion term for  ca-ca-ca-ca
        atoms are: C535 C552 C551 C567
 ** Warning: No sp2 improper torsion term for  ca-ca-ca-ca
        atoms are: C536 C551 C552 C568
 ** Warning: No sp2 improper torsion term for  ca-ca-ca-ca
        atoms are: C537 C554 C553 C569
 ** Warning: No sp2 improper torsion term for  ca-ca-ca-ca
        atoms are: C538 C553 C554 C570
 ** Warning: No sp2 improper torsion term for  ca-ca-ca-ca
        atoms are: C539 C556 C555 C571
 ** Warning: No sp2 improper torsion term for  ca-ca-ca-ca
        atoms are: C540 C555 C556 C572
 ** Warning: No sp2 improper torsion term for  ca-ca-ca-ca
        atoms are: C541 C558 C557 C573
 ** Warning: No sp2 improper torsion term for  ca-ca-ca-ca
        atoms are: C542 C557 C558 C574
 ** Warning: No sp2 improper torsion term for  ca-ca-ca-ca
        atoms are: C543 C544 C559 C575
 ** Warning: No sp2 improper torsion term for  ca-ca-ca-oh
        atoms are: C544 C561 C560 O8
 ** Warning: No sp2 improper torsion term for  ca-ca-ca-oh
        atoms are: C546 C563 C562 O9
 ** Warning: No sp2 improper torsion term for  ca-ca-ca-oh
        atoms are: C548 C565 C564 O10
 ** Warning: No sp2 improper torsion term for  ca-ca-ca-oh
        atoms are: C550 C567 C566 O11
 ** Warning: No sp2 improper torsion term for  ca-ca-ca-oh
        atoms are: C552 C569 C568 O12
 ** Warning: No sp2 improper torsion term for  ca-ca-ca-oh
        atoms are: C554 C571 C570 O13
 ** Warning: No sp2 improper torsion term for  ca-ca-ca-oh
        atoms are: C556 C573 C572 O14
 ** Warning: No sp2 improper torsion term for  ca-ca-ca-oh
        atoms are: C558 C575 C574 O15
--Impropers:
  1	C10<CNT> - C25<CNT> - C9<CNT> - H9<CNT>
  1	C12<CNT> - C27<CNT> - C11<CNT> - H11<CNT>
  1	C14<CNT> - C29<CNT> - C13<CNT> - H13<CNT>
  1	C2<CNT> - C17<CNT> - C1<CNT> - H1<CNT>
  1	C4<CNT> - C19<CNT> - C3<CNT> - H3<CNT>
  1	C545<CNT> - C560<CNT> - C561<CNT> - H17<CNT>
  1	C547<CNT> - C562<CNT> - C563<CNT> - H19<CNT>
  1	C549<CNT> - C564<CNT> - C565<CNT> - H21<CNT>
  1	C551<CNT> - C566<CNT> - C567<CNT> - H23<CNT>
  1	C553<CNT> - C568<CNT> - C569<CNT> - H25<CNT>
  1	C555<CNT> - C570<CNT> - C571<CNT> - H27<CNT>
  1	C557<CNT> - C572<CNT> - C573<CNT> - H29<CNT>
  1	C559<CNT> - C574<CNT> - C575<CNT> - H31<CNT>
  1	C6<CNT> - C21<CNT> - C5<CNT> - H5<CNT>
  1	C8<CNT> - C23<CNT> - C7<CNT> - H7<CNT>
  1	C<CNT> - C31<CNT> - C15<CNT> - H15<CNT>
 total 16 improper torsions applied
Building H-Bond parameters.
Incorporating Non-Bonded adjustments.
Not Marking per-residue atom chain types.
Marking per-residue atom chain types.
  (Residues lacking connect0/connect1 - 
   these don't have chain types marked:

	res	total affected

	CNT	1
  )
 (no restraints)
> saveoff CNT CNT_arm_oh-08-40_AC.lib
 Creating CNT_arm_oh-08-40_AC.lib
Saving CNT.
Building topology.
Building atom parameters.
> quit
	Quit
